Build started 4/4/2015 4:42:41 PM.
     1>Project "C:\Users\Mark\Documents\dot_log_win8app\App1\App1\App1.vcxproj" on node 2 (Build target(s)).
     1>ClCompile:
         C:\Program Files\Microsoft Visual Studio 12.0\VC\bin\CL.exe /c /IC:\Users\Mark\Documents\dot_log_win8app\App1\App1\ /I"Generated Files\\" /IDebug\ /ZI /ZW /ZW:nostdlib /nologo /W3 /WX- /sdl /MP /Od /Oy- /D _UNICODE /D UNICODE /D _DEBUG /D WINAPI_FAMILY=WINAPI_FAMILY_APP /Gm- /EHsc /RTC1 /MDd /GS /fp:precise /Zc:wchar_t /Zc:forScope /Yu"pch.h" /Fp"Debug\App1.pch" /Fo"Debug\\" /Fd"Debug\vc120.pdb" /Gd /TP /wd4453 /wd28204 /FU"C:\Program Files\Microsoft SDKs\Windows\v8.1\ExtensionSDKs\Microsoft.VCLibs\12.0\References\CommonConfiguration\neutral\platform.winmd" /FU"C:\Program Files\Windows Kits\8.1\References\CommonConfiguration\Neutral\Windows.winmd" /FU"C:\Program Files\Windows Kits\8.1\References\CommonConfiguration\Neutral\Windows.winmd" /analyze- /errorReport:prompt /bigobj App.xaml.cpp MainPage.xaml.cpp SyncPage.xaml.cpp
         App.xaml.cpp
         MainPage.xaml.cpp
         SyncPage.xaml.cpp
       CreateWinMD:
         C:\Program Files\Microsoft Visual Studio 12.0\VC\bin\link.exe /ERRORREPORT:PROMPT /OUT:"C:\Users\Mark\Documents\dot_log_win8app\App1\Debug\App1\App1.exe" /INCREMENTAL /NOLOGO kernel32.lib /MANIFEST:NO /DEBUG /PDB:"C:\Users\Mark\Documents\dot_log_win8app\App1\Debug\App1\App1.pdb" /SUBSYSTEM:WINDOWS /TLBID:1 /APPCONTAINER /WINMD:ONLY /WINMDFILE:"C:\Users\Mark\Documents\dot_log_win8app\App1\Debug\App1\App1.winmd" /DYNAMICBASE /NXCOMPAT /MACHINE:X86 Debug\App.xaml.obj
         Debug\NavigationHelper.obj
         Debug\RelayCommand.obj
         Debug\SuspensionManager.obj
         Debug\EditEvents.xaml.obj
         Debug\MainPage.xaml.obj
         Debug\pch.obj
         Debug\SyncPage.xaml.obj
         Debug\XamlTypeInfo.Impl.g.obj
       CompileXamlGeneratedFiles:
         C:\Program Files\Microsoft Visual Studio 12.0\VC\bin\CL.exe /c /IC:\Users\Mark\Documents\dot_log_win8app\App1\App1\ /I"Generated Files\\" /IDebug\ /ZI /ZW /ZW:nostdlib /nologo /W3 /WX- /sdl /MP /Od /Oy- /D _UNICODE /D UNICODE /D _DEBUG /D WINAPI_FAMILY=WINAPI_FAMILY_APP /Gm- /EHsc /RTC1 /MDd /GS /fp:precise /Zc:wchar_t /Zc:forScope /Yu"pch.h" /Fp"Debug\App1.pch" /Fo"Debug\\" /Fd"Debug\vc120.pdb" /Gd /TP /wd4453 /wd28204 /FU"C:\Program Files\Microsoft SDKs\Windows\v8.1\ExtensionSDKs\Microsoft.VCLibs\12.0\References\CommonConfiguration\neutral\platform.winmd" /FU"C:\Program Files\Windows Kits\8.1\References\CommonConfiguration\Neutral\Windows.winmd" /FU"C:\Program Files\Windows Kits\8.1\References\CommonConfiguration\Neutral\Windows.winmd" /analyze- /errorReport:prompt /bigobj "Generated Files\XamlTypeInfo.g.cpp"
         XamlTypeInfo.g.cpp
       Link:
         C:\Program Files\Microsoft Visual Studio 12.0\VC\bin\link.exe /ERRORREPORT:PROMPT /OUT:"C:\Users\Mark\Documents\dot_log_win8app\App1\Debug\App1\App1.exe" /INCREMENTAL /NOLOGO kernel32.lib /MANIFEST:NO /DEBUG /PDB:"C:\Users\Mark\Documents\dot_log_win8app\App1\Debug\App1\App1.pdb" /SUBSYSTEM:WINDOWS /TLBID:1 /APPCONTAINER /WINMD:NO /WINMDFILE:"C:\Users\Mark\Documents\dot_log_win8app\App1\Debug\App1\App1.winmd" /DYNAMICBASE /NXCOMPAT /MACHINE:X86 Debug\App.xaml.obj
         Debug\NavigationHelper.obj
         Debug\RelayCommand.obj
         Debug\SuspensionManager.obj
         Debug\EditEvents.xaml.obj
         Debug\MainPage.xaml.obj
         Debug\pch.obj
         Debug\SyncPage.xaml.obj
         Debug\XamlTypeInfo.Impl.g.obj
         Debug\XamlTypeInfo.g.obj
            Creating library C:\Users\Mark\Documents\dot_log_win8app\App1\Debug\App1\App1.lib and object C:\Users\Mark\Documents\dot_log_win8app\App1\Debug\App1\App1.exp
         App1.vcxproj -> C:\Users\Mark\Documents\dot_log_win8app\App1\Debug\App1\App1.exe
       _GenerateProjectPriFileCore:
         C:\Program Files\Windows Kits\8.1\bin\x86\MakePri.exe New -ProjectRoot C:\Users\Mark\Documents\dot_log_win8app\App1\App1\ -ConfigXml Debug\priconfig.xml -OutputFile C:\Users\Mark\Documents\dot_log_win8app\App1\Debug\App1\resources.pri -IndexName 5f337914-64c4-458f-974f-4b0724b7ddee -Verbose -Overwrite  
     1>Done Building Project "C:\Users\Mark\Documents\dot_log_win8app\App1\App1\App1.vcxproj" (Build target(s)).

Build succeeded.

Time Elapsed 00:00:24.88
